<?xml version="1.0" encoding="UTF-8"?>
<!-- Generated by org.testng.reporters.JUnitXMLReporter -->
<testsuite ignored="0" hostname="webcom" failures="0" tests="2" name="Test2" time="9.963" errors="0" timestamp="2026-05-03T21:42:04 IST">
  <testcase classname="testCases.TC001_AccountRegister" name="verify_account_registration" time="0.0">
    <skipped/>
  </testcase> <!-- verify_account_registration -->
  <testcase classname="testCases.TC002_Login" name="testLogin" time="0.0">
    <skipped/>
  </testcase> <!-- testLogin -->
</testsuite> <!-- Test2 -->
