<?xml version="1.0" encoding="UTF-8"?>
<testng-results ignored="0" total="4" passed="4" failed="0" skipped="0">
  <reporter-output>
  </reporter-output>
  <suite started-at="2026-05-03T17:32:37 IST" name="Suite" finished-at="2026-05-03T17:33:09 IST" duration-ms="32301">
    <groups>
      <group name="sanity">
        <method signature="TC001_AccountRegister.verify_account_registration()[pri:0, instance:testCases.TC001_AccountRegister@11981797]" name="verify_account_registration" class="testCases.TC001_AccountRegister"/>
        <method signature="TC002_Login.testLogin()[pri:0, instance:testCases.TC002_Login@55342f40]" name="testLogin" class="testCases.TC002_Login"/>
        <method signature="TC001_AccountRegister.verify_account_registration()[pri:0, instance:testCases.TC001_AccountRegister@2a8d39c4]" name="verify_account_registration" class="testCases.TC001_AccountRegister"/>
        <method signature="TC002_Login.testLogin()[pri:0, instance:testCases.TC002_Login@25b2cfcb]" name="testLogin" class="testCases.TC002_Login"/>
      </group> <!-- sanity -->
    </groups>
    <test started-at="2026-05-03T17:32:37 IST" name="Test1" finished-at="2026-05-03T17:32:51 IST" duration-ms="13998">
      <class name="testCases.TC002_Login">
        <test-method is-config="true" signature="setup(java.lang.String,java.lang.String)[pri:0, instance:testCases.TC002_Login@55342f40]" started-at="2026-05-03T17:32:47 IST" name="setup" finished-at="2026-05-03T17:32:49 IST" duration-ms="2333" status="PASS">
          <params>
            <param index="0">
              <value>
                <![CDATA[windows]]>
              </value>
            </param>
            <param index="1">
              <value>
                <![CDATA[chrome]]>
              </value>
            </param>
          </params>
          <reporter-output>
          </reporter-output>
        </test-method> <!-- setup -->
        <test-method signature="testLogin()[pri:0, instance:testCases.TC002_Login@55342f40]" started-at="2026-05-03T17:32:49 IST" name="testLogin" finished-at="2026-05-03T17:32:51 IST" duration-ms="2054" status="PASS">
          <reporter-output>
          </reporter-output>
        </test-method> <!-- testLogin -->
        <test-method is-config="true" signature="tearDown()[pri:0, instance:testCases.TC002_Login@55342f40]" started-at="2026-05-03T17:32:51 IST" name="tearDown" finished-at="2026-05-03T17:32:51 IST" duration-ms="154" status="PASS">
          <reporter-output>
          </reporter-output>
        </test-method> <!-- tearDown -->
      </class> <!-- testCases.TC002_Login -->
      <class name="testCases.TC001_AccountRegister">
        <test-method is-config="true" signature="setup(java.lang.String,java.lang.String)[pri:0, instance:testCases.TC001_AccountRegister@11981797]" started-at="2026-05-03T17:32:37 IST" name="setup" finished-at="2026-05-03T17:32:43 IST" duration-ms="5592" status="PASS">
          <params>
            <param index="0">
              <value>
                <![CDATA[windows]]>
              </value>
            </param>
            <param index="1">
              <value>
                <![CDATA[chrome]]>
              </value>
            </param>
          </params>
          <reporter-output>
          </reporter-output>
        </test-method> <!-- setup -->
        <test-method signature="verify_account_registration()[pri:0, instance:testCases.TC001_AccountRegister@11981797]" started-at="2026-05-03T17:32:43 IST" name="verify_account_registration" finished-at="2026-05-03T17:32:46 IST" duration-ms="3515" status="PASS">
          <reporter-output>
          </reporter-output>
        </test-method> <!-- verify_account_registration -->
        <test-method is-config="true" signature="tearDown()[pri:0, instance:testCases.TC001_AccountRegister@11981797]" started-at="2026-05-03T17:32:46 IST" name="tearDown" finished-at="2026-05-03T17:32:47 IST" duration-ms="151" status="PASS">
          <reporter-output>
          </reporter-output>
        </test-method> <!-- tearDown -->
      </class> <!-- testCases.TC001_AccountRegister -->
    </test> <!-- Test1 -->
    <test started-at="2026-05-03T17:32:53 IST" name="Test2" finished-at="2026-05-03T17:33:09 IST" duration-ms="16926">
      <class name="testCases.TC002_Login">
        <test-method is-config="true" signature="setup(java.lang.String,java.lang.String)[pri:0, instance:testCases.TC002_Login@25b2cfcb]" started-at="2026-05-03T17:33:02 IST" name="setup" finished-at="2026-05-03T17:33:07 IST" duration-ms="4729" status="PASS">
          <params>
            <param index="0">
              <value>
                <![CDATA[windows]]>
              </value>
            </param>
            <param index="1">
              <value>
                <![CDATA[firefox]]>
              </value>
            </param>
          </params>
          <reporter-output>
          </reporter-output>
        </test-method> <!-- setup -->
        <test-method signature="testLogin()[pri:0, instance:testCases.TC002_Login@25b2cfcb]" started-at="2026-05-03T17:33:07 IST" name="testLogin" finished-at="2026-05-03T17:33:09 IST" duration-ms="1713" status="PASS">
          <reporter-output>
          </reporter-output>
        </test-method> <!-- testLogin -->
        <test-method is-config="true" signature="tearDown()[pri:0, instance:testCases.TC002_Login@25b2cfcb]" started-at="2026-05-03T17:33:09 IST" name="tearDown" finished-at="2026-05-03T17:33:09 IST" duration-ms="800" status="PASS">
          <reporter-output>
          </reporter-output>
        </test-method> <!-- tearDown -->
      </class> <!-- testCases.TC002_Login -->
      <class name="testCases.TC001_AccountRegister">
        <test-method is-config="true" signature="setup(java.lang.String,java.lang.String)[pri:0, instance:testCases.TC001_AccountRegister@2a8d39c4]" started-at="2026-05-03T17:32:53 IST" name="setup" finished-at="2026-05-03T17:32:59 IST" duration-ms="6328" status="PASS">
          <params>
            <param index="0">
              <value>
                <![CDATA[windows]]>
              </value>
            </param>
            <param index="1">
              <value>
                <![CDATA[firefox]]>
              </value>
            </param>
          </params>
          <reporter-output>
          </reporter-output>
        </test-method> <!-- setup -->
        <test-method signature="verify_account_registration()[pri:0, instance:testCases.TC001_AccountRegister@2a8d39c4]" started-at="2026-05-03T17:32:59 IST" name="verify_account_registration" finished-at="2026-05-03T17:33:01 IST" duration-ms="2527" status="PASS">
          <reporter-output>
          </reporter-output>
        </test-method> <!-- verify_account_registration -->
        <test-method is-config="true" signature="tearDown()[pri:0, instance:testCases.TC001_AccountRegister@2a8d39c4]" started-at="2026-05-03T17:33:01 IST" name="tearDown" finished-at="2026-05-03T17:33:02 IST" duration-ms="821" status="PASS">
          <reporter-output>
          </reporter-output>
        </test-method> <!-- tearDown -->
      </class> <!-- testCases.TC001_AccountRegister -->
    </test> <!-- Test2 -->
  </suite> <!-- Suite -->
</testng-results>
