<?xml version="1.0" encoding="UTF-8"?>
<!-- Generated by org.testng.reporters.JUnitReportReporter -->
<testsuite hostname="webcom" failures="0" tests="2" name="testCases.TC001_AccountRegister" time="8.365" errors="0" timestamp="2026-05-03T17:10:48 IST" skipped="0">
  <testcase classname="testCases.TC001_AccountRegister" name="verify_account_registration" time="4.927"/>
  <testcase classname="testCases.TC001_AccountRegister" name="verify_account_registration" time="3.438"/>
</testsuite> <!-- testCases.TC001_AccountRegister -->
